<?xml version="1.0" encoding="UTF-8"?>
<!-- Generated by org.testng.reporters.JUnitReportReporter -->
<testsuite hostname="nehagupta" failures="0" tests="15" name="com.test.automation.VerizonDigitalSignage.TestCases.DisplaysTest" time="0.000" errors="1" timestamp="18 May 2022 07:49:50 GMT" skipped="14">
  <testcase classname="com.test.automation.VerizonDigitalSignage.TestCases.DisplaysTest" name="verifyChangeDisplayLocation" time="0.000">
    <skipped/>
  </testcase> <!-- verifyChangeDisplayLocation -->
  <testcase classname="com.test.automation.VerizonDigitalSignage.TestCases.DisplaysTest" name="verifyListView" time="0.000">
    <skipped/>
  </testcase> <!-- verifyListView -->
  <testcase classname="com.test.automation.VerizonDigitalSignage.TestCases.DisplaysTest" name="verifyEditDisplay" time="0.000">
    <skipped/>
  </testcase> <!-- verifyEditDisplay -->
  <testcase classname="com.test.automation.VerizonDigitalSignage.TestCases.DisplaysTest" name="verifyRenameDisplay" time="0.000">
    <skipped/>
  </testcase> <!-- verifyRenameDisplay -->
  <testcase classname="com.test.automation.VerizonDigitalSignage.TestCases.DisplaysTest" name="verifyChangeOrientation" time="0.000">
    <skipped/>
  </testcase> <!-- verifyChangeOrientation -->
  <testcase classname="com.test.automation.VerizonDigitalSignage.TestCases.DisplaysTest" name="verifyMapView" time="0.000">
    <skipped/>
  </testcase> <!-- verifyMapView -->
  <testcase classname="com.test.automation.VerizonDigitalSignage.TestCases.DisplaysTest" name="verifyViewDisplayDetails" time="0.000">
    <skipped/>
  </testcase> <!-- verifyViewDisplayDetails -->
  <testcase classname="com.test.automation.VerizonDigitalSignage.TestCases.DisplaysTest" name="verifyRenameGroup" time="0.000">
    <skipped/>
  </testcase> <!-- verifyRenameGroup -->
  <testcase classname="com.test.automation.VerizonDigitalSignage.TestCases.DisplaysTest" name="verifyViewGroupDetails" time="0.000">
    <skipped/>
  </testcase> <!-- verifyViewGroupDetails -->
  <testcase classname="com.test.automation.VerizonDigitalSignage.TestCases.DisplaysTest" name="verifySelectDisplay" time="0.000">
    <skipped/>
  </testcase> <!-- verifySelectDisplay -->
  <testcase classname="com.test.automation.VerizonDigitalSignage.TestCases.DisplaysTest" name="endTest" time="0.000">
    <error message="Cannot invoke &quot;org.openqa.selenium.WebDriver.quit()&quot; because &quot;this.driver&quot; is null" type="java.lang.NullPointerException">
      <![CDATA[java.lang.NullPointerException: Cannot invoke "org.openqa.selenium.WebDriver.quit()" because "this.driver" is nullat com.test.automation.VerizonDigitalSignage.TestBase.TestBase.closeBrowser(TestBase.java:340)at com.test.automation.VerizonDigitalSignage.TestBase.TestBase.endTest(TestBase.java:366)at java.base/jdk.internal.reflect.NativeMethodAccessorImpl.invoke0(Native Method)at java.base/jdk.internal.reflect.NativeMethodAccessorImpl.invoke(NativeMethodAccessorImpl.java:77)at java.base/jdk.internal.reflect.DelegatingMethodAccessorImpl.invoke(DelegatingMethodAccessorImpl.java:43)at java.base/java.lang.reflect.Method.invoke(Method.java:568)at org.testng.internal.MethodInvocationHelper.invokeMethod(MethodInvocationHelper.java:124)at org.testng.internal.MethodInvocationHelper.invokeMethodConsideringTimeout(MethodInvocationHelper.java:59)at org.testng.internal.Invoker.invokeConfigurationMethod(Invoker.java:451)at org.testng.internal.Invoker.invokeConfigurations(Invoker.java:222)at org.testng.internal.Invoker.invokeConfigurations(Invoker.java:142)at org.testng.internal.TestMethodWorker.invokeAfterClassMethods(TestMethodWorker.java:208)at org.testng.internal.TestMethodWorker.run(TestMethodWorker.java:111)at org.testng.TestRunner.privateRun(TestRunner.java:648)at org.testng.TestRunner.run(TestRunner.java:505)at org.testng.SuiteRunner.runTest(SuiteRunner.java:455)at org.testng.SuiteRunner.runSequentially(SuiteRunner.java:450)at org.testng.SuiteRunner.privateRun(SuiteRunner.java:415)at org.testng.SuiteRunner.run(SuiteRunner.java:364)at org.testng.SuiteRunnerWorker.runSuite(SuiteRunnerWorker.java:52)at org.testng.SuiteRunnerWorker.run(SuiteRunnerWorker.java:84)at org.testng.TestNG.runSuitesSequentially(TestNG.java:1187)at org.testng.TestNG.runSuitesLocally(TestNG.java:1116)at org.testng.TestNG.runSuites(TestNG.java:1028)at org.testng.TestNG.run(TestNG.java:996)at org.testng.remote.AbstractRemoteTestNG.run(AbstractRemoteTestNG.java:115)at org.testng.remote.RemoteTestNG.initAndRun(RemoteTestNG.java:251)at org.testng.remote.RemoteTestNG.main(RemoteTestNG.java:77)]]>
    </error>
  </testcase> <!-- endTest -->
  <testcase classname="com.test.automation.VerizonDigitalSignage.TestCases.DisplaysTest" name="verifyExpandCollapse" time="0.000">
    <skipped/>
  </testcase> <!-- verifyExpandCollapse -->
  <testcase classname="com.test.automation.VerizonDigitalSignage.TestCases.DisplaysTest" name="verifyTakeScreenshot" time="0.000">
    <skipped/>
  </testcase> <!-- verifyTakeScreenshot -->
  <testcase classname="com.test.automation.VerizonDigitalSignage.TestCases.DisplaysTest" name="verifyFlipOrientation" time="0.000">
    <skipped/>
  </testcase> <!-- verifyFlipOrientation -->
  <testcase classname="com.test.automation.VerizonDigitalSignage.TestCases.DisplaysTest" name="verifySearch" time="0.000">
    <skipped/>
  </testcase> <!-- verifySearch -->
</testsuite> <!-- com.test.automation.VerizonDigitalSignage.TestCases.DisplaysTest -->
