<?xml version="1.0" encoding="UTF-8"?>
<!-- Generated by org.testng.reporters.JUnitReportReporter -->
<testsuite hostname="nehagupta" failures="0" tests="7" name="com.test.automation.VerizonDigitalSignage.TestCases.UsersTest" time="0.000" errors="1" timestamp="18 May 2022 07:57:21 GMT" skipped="6">
  <testcase classname="com.test.automation.VerizonDigitalSignage.TestCases.UsersTest" name="verifySelfCannotBeDeleted" time="0.000">
    <skipped/>
  </testcase> <!-- verifySelfCannotBeDeleted -->
  <testcase classname="com.test.automation.VerizonDigitalSignage.TestCases.UsersTest" name="verifySearchUsersFunctionality" time="0.000">
    <skipped/>
  </testcase> <!-- verifySearchUsersFunctionality -->
  <testcase classname="com.test.automation.VerizonDigitalSignage.TestCases.UsersTest" name="verifyAddUsersFunctionality" time="0.000">
    <skipped/>
  </testcase> <!-- verifyAddUsersFunctionality -->
  <testcase classname="com.test.automation.VerizonDigitalSignage.TestCases.UsersTest" name="endTest" time="0.000">
    <error message="Cannot invoke &quot;org.openqa.selenium.WebDriver.quit()&quot; because &quot;this.driver&quot; is null" type="java.lang.NullPointerException">
      <![CDATA[java.lang.NullPointerException: Cannot invoke "org.openqa.selenium.WebDriver.quit()" because "this.driver" is nullat com.test.automation.VerizonDigitalSignage.TestBase.TestBase.closeBrowser(TestBase.java:340)at com.test.automation.VerizonDigitalSignage.TestBase.TestBase.endTest(TestBase.java:366)at java.base/jdk.internal.reflect.NativeMethodAccessorImpl.invoke0(Native Method)at java.base/jdk.internal.reflect.NativeMethodAccessorImpl.invoke(NativeMethodAccessorImpl.java:77)at java.base/jdk.internal.reflect.DelegatingMethodAccessorImpl.invoke(DelegatingMethodAccessorImpl.java:43)at java.base/java.lang.reflect.Method.invoke(Method.java:568)at org.testng.internal.MethodInvocationHelper.invokeMethod(MethodInvocationHelper.java:124)at org.testng.internal.MethodInvocationHelper.invokeMethodConsideringTimeout(MethodInvocationHelper.java:59)at org.testng.internal.Invoker.invokeConfigurationMethod(Invoker.java:451)at org.testng.internal.Invoker.invokeConfigurations(Invoker.java:222)at org.testng.internal.Invoker.invokeConfigurations(Invoker.java:142)at org.testng.internal.TestMethodWorker.invokeAfterClassMethods(TestMethodWorker.java:208)at org.testng.internal.TestMethodWorker.run(TestMethodWorker.java:111)at org.testng.TestRunner.privateRun(TestRunner.java:648)at org.testng.TestRunner.run(TestRunner.java:505)at org.testng.SuiteRunner.runTest(SuiteRunner.java:455)at org.testng.SuiteRunner.runSequentially(SuiteRunner.java:450)at org.testng.SuiteRunner.privateRun(SuiteRunner.java:415)at org.testng.SuiteRunner.run(SuiteRunner.java:364)at org.testng.SuiteRunnerWorker.runSuite(SuiteRunnerWorker.java:52)at org.testng.SuiteRunnerWorker.run(SuiteRunnerWorker.java:84)at org.testng.TestNG.runSuitesSequentially(TestNG.java:1187)at org.testng.TestNG.runSuitesLocally(TestNG.java:1116)at org.testng.TestNG.runSuites(TestNG.java:1028)at org.testng.TestNG.run(TestNG.java:996)at org.testng.remote.AbstractRemoteTestNG.run(AbstractRemoteTestNG.java:115)at org.testng.remote.RemoteTestNG.initAndRun(RemoteTestNG.java:251)at org.testng.remote.RemoteTestNG.main(RemoteTestNG.java:77)]]>
    </error>
  </testcase> <!-- endTest -->
  <testcase classname="com.test.automation.VerizonDigitalSignage.TestCases.UsersTest" name="verifyAddNewGroupFromUsersListingPage" time="0.000">
    <skipped/>
  </testcase> <!-- verifyAddNewGroupFromUsersListingPage -->
  <testcase classname="com.test.automation.VerizonDigitalSignage.TestCases.UsersTest" name="verifyUserCannotChangeSelfRole" time="0.000">
    <skipped/>
  </testcase> <!-- verifyUserCannotChangeSelfRole -->
  <testcase classname="com.test.automation.VerizonDigitalSignage.TestCases.UsersTest" name="verifySelectUserFunctionality" time="0.000">
    <skipped/>
  </testcase> <!-- verifySelectUserFunctionality -->
</testsuite> <!-- com.test.automation.VerizonDigitalSignage.TestCases.UsersTest -->
