<?xml version="1.0" encoding="UTF-8"?>
<!-- Generated by org.testng.reporters.JUnitReportReporter -->
<testsuite skipped="0" hostname="Neha3147582-01" name="com.test.automation.VerizonDigitalSignage.TestCases.DashboardTestWithPermission" tests="21" failures="0" timestamp="27 Apr 2018 20:59:14 GMT" time="36.018" errors="1">
  <testcase name="verifyingNeedHelp_PortalOverviewNavigation" time="0.327" classname="com.test.automation.VerizonDigitalSignage.TestCases.DashboardTestWithPermission"/>
  <testcase name="verifyingFooter_ProductSupport" time="0.258" classname="com.test.automation.VerizonDigitalSignage.TestCases.DashboardTestWithPermission"/>
  <testcase name="verifyingFooter_FAQ" time="0.245" classname="com.test.automation.VerizonDigitalSignage.TestCases.DashboardTestWithPermission"/>
  <testcase name="verifyingFooter_GetStarted" time="0.293" classname="com.test.automation.VerizonDigitalSignage.TestCases.DashboardTestWithPermission"/>
  <testcase name="verifyingViewAllCampaignsLinkNavigation" time="0.403" classname="com.test.automation.VerizonDigitalSignage.TestCases.DashboardTestWithPermission"/>
  <testcase name="verifyingFooter_Campaigns" time="0.520" classname="com.test.automation.VerizonDigitalSignage.TestCases.DashboardTestWithPermission"/>
  <testcase name="verifyingFooter_Content" time="0.304" classname="com.test.automation.VerizonDigitalSignage.TestCases.DashboardTestWithPermission"/>
  <testcase name="verifyingCampaignsCard_CreateCampaignButtonNavigation" time="23.979" classname="com.test.automation.VerizonDigitalSignage.TestCases.DashboardTestWithPermission">
    <error type="org.openqa.selenium.TimeoutException" message="Expected condition failed: waiting for visibility of [[ChromeDriver: chrome on XP (8da88081da7bdcf6f1ceae6835d18d90)] -&gt; xpath: //h1[text()=&#039;Live campaigns&#039;]] (tried for 15 second(s) with 500 milliseconds interval)">
      <![CDATA[org.openqa.selenium.TimeoutException: Expected condition failed: waiting for visibility of [[ChromeDriver: chrome on XP (8da88081da7bdcf6f1ceae6835d18d90)] -> xpath: //h1[text()='Live campaigns']] (tried for 15 second(s) with 500 milliseconds interval)at org.openqa.selenium.support.ui.WebDriverWait.timeoutException(WebDriverWait.java:81)at org.openqa.selenium.support.ui.FluentWait.until(FluentWait.java:271)at com.test.automation.VerizonDigitalSignage.TestBase.TestBase.waitForElement(TestBase.java:185)at com.test.automation.VerizonDigitalSignage.UIActions.DashboardObjects.verifyDashboardLinksNavigation(DashboardObjects.java:206)at com.test.automation.VerizonDigitalSignage.TestCases.DashboardTestWithPermission.verifyingCampaignsCard_CreateCampaignButtonNavigation(DashboardTestWithPermission.java:105)at sun.reflect.NativeMethodAccessorImpl.invoke0(Native Method)at sun.reflect.NativeMethodAccessorImpl.invoke(NativeMethodAccessorImpl.java:62)at sun.reflect.DelegatingMethodAccessorImpl.invoke(DelegatingMethodAccessorImpl.java:43)at java.lang.reflect.Method.invoke(Method.java:498)at org.testng.internal.MethodInvocationHelper.invokeMethod(MethodInvocationHelper.java:124)at org.testng.internal.Invoker.invokeMethod(Invoker.java:571)at org.testng.internal.Invoker.invokeTestMethod(Invoker.java:707)at org.testng.internal.Invoker.invokeTestMethods(Invoker.java:979)at org.testng.internal.TestMethodWorker.invokeTestMethods(TestMethodWorker.java:125)at org.testng.internal.TestMethodWorker.run(TestMethodWorker.java:109)at org.testng.TestRunner.privateRun(TestRunner.java:648)at org.testng.TestRunner.run(TestRunner.java:505)at org.testng.SuiteRunner.runTest(SuiteRunner.java:455)at org.testng.SuiteRunner.runSequentially(SuiteRunner.java:450)at org.testng.SuiteRunner.privateRun(SuiteRunner.java:415)at org.testng.SuiteRunner.run(SuiteRunner.java:364)at org.testng.SuiteRunnerWorker.runSuite(SuiteRunnerWorker.java:52)at org.testng.SuiteRunnerWorker.run(SuiteRunnerWorker.java:84)at org.testng.TestNG.runSuitesSequentially(TestNG.java:1187)at org.testng.TestNG.runSuitesLocally(TestNG.java:1116)at org.testng.TestNG.runSuites(TestNG.java:1028)at org.testng.TestNG.run(TestNG.java:996)at org.testng.remote.AbstractRemoteTestNG.run(AbstractRemoteTestNG.java:114)at org.testng.remote.RemoteTestNG.initAndRun(RemoteTestNG.java:251)at org.testng.remote.RemoteTestNG.main(RemoteTestNG.java:77)Caused by: org.openqa.selenium.NoSuchElementException: no such element: Unable to locate element: {"method":"xpath","selector":"//h1[text()='Live campaigns']"}  (Session info: chrome=65.0.3325.181)  (Driver info: chromedriver=2.36.540470 (e522d04694c7ebea4ba8821272dbef4f9b818c91),platform=Windows NT 10.0.16299 x86_64) (WARNING: The server did not provide any stacktrace information)Command duration or timeout: 0 millisecondsFor documentation on this error, please visit: http://seleniumhq.org/exceptions/no_such_element.htmlBuild info: version: '3.11.0', revision: 'e59cfb3', time: '2018-03-11T20:26:55.152Z'System info: host: 'NEHA3147582-01', ip: '192.168.1.102', os.name: 'Windows 10', os.arch: 'amd64', os.version: '10.0', java.version: '1.8.0_131'Driver info: org.openqa.selenium.chrome.ChromeDriverCapabilities {acceptInsecureCerts: false, acceptSslCerts: false, applicationCacheEnabled: false, browserConnectionEnabled: false, browserName: chrome, chrome: {chromedriverVersion: 2.36.540470 (e522d04694c7eb..., userDataDir: C:\Users\NEHAGU~1\AppData\L...}, cssSelectorsEnabled: true, databaseEnabled: false, handlesAlerts: true, hasTouchScreen: false, javascriptEnabled: true, locationContextEnabled: true, mobileEmulationEnabled: false, nativeEvents: true, networkConnectionEnabled: false, pageLoadStrategy: normal, platform: XP, platformName: XP, rotatable: false, setWindowRect: true, takesHeapSnapshot: true, takesScreenshot: true, unexpectedAlertBehaviour: , unhandledPromptBehavior: , version: 65.0.3325.181, webStorageEnabled: true}Session ID: 8da88081da7bdcf6f1ceae6835d18d90*** Element info: {Using=xpath, value=//h1[text()='Live campaigns']}at sun.reflect.NativeConstructorAccessorImpl.newInstance0(Native Method)at sun.reflect.NativeConstructorAccessorImpl.newInstance(NativeConstructorAccessorImpl.java:62)at sun.reflect.DelegatingConstructorAccessorImpl.newInstance(DelegatingConstructorAccessorImpl.java:45)at java.lang.reflect.Constructor.newInstance(Constructor.java:423)at org.openqa.selenium.remote.ErrorHandler.createThrowable(ErrorHandler.java:214)at org.openqa.selenium.remote.ErrorHandler.throwIfResponseFailed(ErrorHandler.java:166)at org.openqa.selenium.remote.http.JsonHttpResponseCodec.reconstructValue(JsonHttpResponseCodec.java:40)at org.openqa.selenium.remote.http.AbstractHttpResponseCodec.decode(AbstractHttpResponseCodec.java:80)at org.openqa.selenium.remote.http.AbstractHttpResponseCodec.decode(AbstractHttpResponseCodec.java:44)at org.openqa.selenium.remote.HttpCommandExecutor.execute(HttpCommandExecutor.java:158)at org.openqa.selenium.remote.service.DriverCommandExecutor.execute(DriverCommandExecutor.java:83)at org.openqa.selenium.remote.RemoteWebDriver.execute(RemoteWebDriver.java:545)at org.openqa.selenium.remote.RemoteWebDriver.findElement(RemoteWebDriver.java:319)at org.openqa.selenium.remote.RemoteWebDriver.findElementByXPath(RemoteWebDriver.java:421)at org.openqa.selenium.By$ByXPath.findElement(By.java:361)at org.openqa.selenium.remote.RemoteWebDriver.findElement(RemoteWebDriver.java:311)at org.openqa.selenium.support.pagefactory.DefaultElementLocator.findElement(DefaultElementLocator.java:69)at org.openqa.selenium.support.pagefactory.internal.LocatingElementHandler.invoke(LocatingElementHandler.java:38)at com.sun.proxy.$Proxy11.isDisplayed(Unknown Source)at org.openqa.selenium.support.ui.ExpectedConditions.elementIfVisible(ExpectedConditions.java:315)at org.openqa.selenium.support.ui.ExpectedConditions.access$100(ExpectedConditions.java:44)at org.openqa.selenium.support.ui.ExpectedConditions$10.apply(ExpectedConditions.java:301)at org.openqa.selenium.support.ui.ExpectedConditions$10.apply(ExpectedConditions.java:298)at org.openqa.selenium.support.ui.FluentWait.until(FluentWait.java:248)... 28 more]]>
    </error>
  </testcase> <!-- verifyingCampaignsCard_CreateCampaignButtonNavigation -->
  <testcase name="verifyingFooter_Templates" time="2.578" classname="com.test.automation.VerizonDigitalSignage.TestCases.DashboardTestWithPermission"/>
  <testcase name="verifyingFooter_Widgets" time="0.271" classname="com.test.automation.VerizonDigitalSignage.TestCases.DashboardTestWithPermission"/>
  <testcase name="verifyingLibraiesCard_ExploreLibraiesButtonNavigation" time="3.414" classname="com.test.automation.VerizonDigitalSignage.TestCases.DashboardTestWithPermission"/>
  <testcase name="verifyingNeedHelp_ProductSupportNavigation" time="0.248" classname="com.test.automation.VerizonDigitalSignage.TestCases.DashboardTestWithPermission"/>
  <testcase name="verifyingFooter_Dashboard" time="0.289" classname="com.test.automation.VerizonDigitalSignage.TestCases.DashboardTestWithPermission"/>
  <testcase name="verifyingFooter_Devices" time="0.275" classname="com.test.automation.VerizonDigitalSignage.TestCases.DashboardTestWithPermission"/>
  <testcase name="verifyingDisplaysCard_ManageDisplaysButtonNavigation" time="0.336" classname="com.test.automation.VerizonDigitalSignage.TestCases.DashboardTestWithPermission"/>
  <testcase name="verifyingNeedHelp_GetStartedNavigation" time="0.407" classname="com.test.automation.VerizonDigitalSignage.TestCases.DashboardTestWithPermission"/>
  <testcase name="verifyingFooter_Legal" time="0.269" classname="com.test.automation.VerizonDigitalSignage.TestCases.DashboardTestWithPermission"/>
  <testcase name="verifyingFooter_Schedules" time="0.621" classname="com.test.automation.VerizonDigitalSignage.TestCases.DashboardTestWithPermission"/>
  <testcase name="verifyingReportsCard_ViewReportsButtonNavigation" time="0.309" classname="com.test.automation.VerizonDigitalSignage.TestCases.DashboardTestWithPermission"/>
  <testcase name="verifyingCreateCampaignCard_CreateCampaignButtonNavigation" time="0.345" classname="com.test.automation.VerizonDigitalSignage.TestCases.DashboardTestWithPermission"/>
  <testcase name="verifyingNeedHelp_FAQNavigation" time="0.327" classname="com.test.automation.VerizonDigitalSignage.TestCases.DashboardTestWithPermission"/>
</testsuite> <!-- com.test.automation.VerizonDigitalSignage.TestCases.DashboardTestWithPermission -->
