<?xml version="1.0" encoding="UTF-8"?>
<!-- Generated by org.testng.reporters.JUnitReportReporter -->
<testsuite hostname="nehagupta" failures="0" tests="15" name="com.test.automation.VerizonDigitalSignage.TestCases.CampaignTest_dev2" time="0.000" errors="1" timestamp="18 May 2022 07:49:50 GMT" skipped="14">
  <testcase classname="com.test.automation.VerizonDigitalSignage.TestCases.CampaignTest_dev2" name="checkInExpiredTab" time="0.000">
    <skipped/>
  </testcase> <!-- checkInExpiredTab -->
  <testcase classname="com.test.automation.VerizonDigitalSignage.TestCases.CampaignTest_dev2" name="verifyCampaignsImportingBlueToastMessageScenario" time="0.000">
    <skipped/>
  </testcase> <!-- verifyCampaignsImportingBlueToastMessageScenario -->
  <testcase classname="com.test.automation.VerizonDigitalSignage.TestCases.CampaignTest_dev2" name="checkInDraftsTab" time="0.000">
    <skipped/>
  </testcase> <!-- checkInDraftsTab -->
  <testcase classname="com.test.automation.VerizonDigitalSignage.TestCases.CampaignTest_dev2" name="checkInLiveTab" time="0.000">
    <skipped/>
  </testcase> <!-- checkInLiveTab -->
  <testcase classname="com.test.automation.VerizonDigitalSignage.TestCases.CampaignTest_dev2" name="verifyImportedSuccessfullyGreenToastMessageScenario" time="0.000">
    <skipped/>
  </testcase> <!-- verifyImportedSuccessfullyGreenToastMessageScenario -->
  <testcase classname="com.test.automation.VerizonDigitalSignage.TestCases.CampaignTest_dev2" name="verifyCreationOfDuplicateCampaign" time="0.000">
    <skipped/>
  </testcase> <!-- verifyCreationOfDuplicateCampaign -->
  <testcase classname="com.test.automation.VerizonDigitalSignage.TestCases.CampaignTest_dev2" name="verifyAddNewFolderFromCampaignListingPage" time="0.000">
    <skipped/>
  </testcase> <!-- verifyAddNewFolderFromCampaignListingPage -->
  <testcase classname="com.test.automation.VerizonDigitalSignage.TestCases.CampaignTest_dev2" name="verifyMoveCampaignToFolder" time="0.000">
    <skipped/>
  </testcase> <!-- verifyMoveCampaignToFolder -->
  <testcase classname="com.test.automation.VerizonDigitalSignage.TestCases.CampaignTest_dev2" name="verifyImportSharedCampaignsCancelScenario" time="0.000">
    <skipped/>
  </testcase> <!-- verifyImportSharedCampaignsCancelScenario -->
  <testcase classname="com.test.automation.VerizonDigitalSignage.TestCases.CampaignTest_dev2" name="verifyImportSharedCampaignsImportMoreScenario" time="0.000">
    <skipped/>
  </testcase> <!-- verifyImportSharedCampaignsImportMoreScenario -->
  <testcase classname="com.test.automation.VerizonDigitalSignage.TestCases.CampaignTest_dev2" name="verifyImportSharedCampaignFinishScenario" time="0.000">
    <skipped/>
  </testcase> <!-- verifyImportSharedCampaignFinishScenario -->
  <testcase classname="com.test.automation.VerizonDigitalSignage.TestCases.CampaignTest_dev2" name="verifySearchCampaign" time="0.000">
    <skipped/>
  </testcase> <!-- verifySearchCampaign -->
  <testcase classname="com.test.automation.VerizonDigitalSignage.TestCases.CampaignTest_dev2" name="endTest" time="0.000">
    <error message="Cannot invoke &quot;org.openqa.selenium.WebDriver.quit()&quot; because &quot;this.driver&quot; is null" type="java.lang.NullPointerException">
      <![CDATA[java.lang.NullPointerException: Cannot invoke "org.openqa.selenium.WebDriver.quit()" because "this.driver" is nullat com.test.automation.VerizonDigitalSignage.TestBase.TestBase.closeBrowser(TestBase.java:340)at com.test.automation.VerizonDigitalSignage.TestBase.TestBase.endTest(TestBase.java:366)at java.base/jdk.internal.reflect.NativeMethodAccessorImpl.invoke0(Native Method)at java.base/jdk.internal.reflect.NativeMethodAccessorImpl.invoke(NativeMethodAccessorImpl.java:77)at java.base/jdk.internal.reflect.DelegatingMethodAccessorImpl.invoke(DelegatingMethodAccessorImpl.java:43)at java.base/java.lang.reflect.Method.invoke(Method.java:568)at org.testng.internal.MethodInvocationHelper.invokeMethod(MethodInvocationHelper.java:124)at org.testng.internal.MethodInvocationHelper.invokeMethodConsideringTimeout(MethodInvocationHelper.java:59)at org.testng.internal.Invoker.invokeConfigurationMethod(Invoker.java:451)at org.testng.internal.Invoker.invokeConfigurations(Invoker.java:222)at org.testng.internal.Invoker.invokeConfigurations(Invoker.java:142)at org.testng.internal.TestMethodWorker.invokeAfterClassMethods(TestMethodWorker.java:208)at org.testng.internal.TestMethodWorker.run(TestMethodWorker.java:111)at org.testng.TestRunner.privateRun(TestRunner.java:648)at org.testng.TestRunner.run(TestRunner.java:505)at org.testng.SuiteRunner.runTest(SuiteRunner.java:455)at org.testng.SuiteRunner.runSequentially(SuiteRunner.java:450)at org.testng.SuiteRunner.privateRun(SuiteRunner.java:415)at org.testng.SuiteRunner.run(SuiteRunner.java:364)at org.testng.SuiteRunnerWorker.runSuite(SuiteRunnerWorker.java:52)at org.testng.SuiteRunnerWorker.run(SuiteRunnerWorker.java:84)at org.testng.TestNG.runSuitesSequentially(TestNG.java:1187)at org.testng.TestNG.runSuitesLocally(TestNG.java:1116)at org.testng.TestNG.runSuites(TestNG.java:1028)at org.testng.TestNG.run(TestNG.java:996)at org.testng.remote.AbstractRemoteTestNG.run(AbstractRemoteTestNG.java:115)at org.testng.remote.RemoteTestNG.initAndRun(RemoteTestNG.java:251)at org.testng.remote.RemoteTestNG.main(RemoteTestNG.java:77)]]>
    </error>
  </testcase> <!-- endTest -->
  <testcase classname="com.test.automation.VerizonDigitalSignage.TestCases.CampaignTest_dev2" name="verifyListViewFunctionalityForCampaigns" time="0.000">
    <skipped/>
  </testcase> <!-- verifyListViewFunctionalityForCampaigns -->
  <testcase classname="com.test.automation.VerizonDigitalSignage.TestCases.CampaignTest_dev2" name="verifyDeleteCampaignScenario" time="0.000">
    <skipped/>
  </testcase> <!-- verifyDeleteCampaignScenario -->
</testsuite> <!-- com.test.automation.VerizonDigitalSignage.TestCases.CampaignTest_dev2 -->
