<?xml version="1.0" encoding="UTF-8"?>
<!-- Generated by org.testng.reporters.JUnitReportReporter -->
<testsuite skipped="0" hostname="Neha3147582-01" name="com.test.automation.VerizonDigitalSignage.TestCases.DashboardTest1" tests="6" failures="1" timestamp="16 Apr 2018 09:33:13 GMT" time="67.440" errors="0">
  <testcase name="test3" time="6.319" classname="com.test.automation.VerizonDigitalSignage.TestCases.DashboardTest1"/>
  <testcase name="test5" time="9.436" classname="com.test.automation.VerizonDigitalSignage.TestCases.DashboardTest1"/>
  <testcase name="test2" time="11.911" classname="com.test.automation.VerizonDigitalSignage.TestCases.DashboardTest1"/>
  <testcase name="test1" time="19.983" classname="com.test.automation.VerizonDigitalSignage.TestCases.DashboardTest1">
    <failure type="java.lang.AssertionError" message="expected [Campaignss] but found [Campaigns]">
      <![CDATA[java.lang.AssertionError: expected [Campaignss] but found [Campaigns]at org.testng.Assert.fail(Assert.java:96)at org.testng.Assert.failNotEquals(Assert.java:776)at org.testng.Assert.assertEqualsImpl(Assert.java:137)at org.testng.Assert.assertEquals(Assert.java:118)at org.testng.Assert.assertEquals(Assert.java:453)at org.testng.Assert.assertEquals(Assert.java:463)at com.test.automation.VerizonDigitalSignage.TestCases.DashboardTest1.test1(DashboardTest1.java:43)at sun.reflect.NativeMethodAccessorImpl.invoke0(Native Method)at sun.reflect.NativeMethodAccessorImpl.invoke(Unknown Source)at sun.reflect.DelegatingMethodAccessorImpl.invoke(Unknown Source)at java.lang.reflect.Method.invoke(Unknown Source)at org.testng.internal.MethodInvocationHelper.invokeMethod(MethodInvocationHelper.java:124)at org.testng.internal.Invoker.invokeMethod(Invoker.java:571)at org.testng.internal.Invoker.invokeTestMethod(Invoker.java:707)at org.testng.internal.Invoker.invokeTestMethods(Invoker.java:979)at org.testng.internal.TestMethodWorker.invokeTestMethods(TestMethodWorker.java:125)at org.testng.internal.TestMethodWorker.run(TestMethodWorker.java:109)at org.testng.TestRunner.privateRun(TestRunner.java:648)at org.testng.TestRunner.run(TestRunner.java:505)at org.testng.SuiteRunner.runTest(SuiteRunner.java:455)at org.testng.SuiteRunner.runSequentially(SuiteRunner.java:450)at org.testng.SuiteRunner.privateRun(SuiteRunner.java:415)at org.testng.SuiteRunner.run(SuiteRunner.java:364)at org.testng.SuiteRunnerWorker.runSuite(SuiteRunnerWorker.java:52)at org.testng.SuiteRunnerWorker.run(SuiteRunnerWorker.java:84)at org.testng.TestNG.runSuitesSequentially(TestNG.java:1187)at org.testng.TestNG.runSuitesLocally(TestNG.java:1116)at org.testng.TestNG.runSuites(TestNG.java:1028)at org.testng.TestNG.run(TestNG.java:996)at org.testng.remote.AbstractRemoteTestNG.run(AbstractRemoteTestNG.java:114)at org.testng.remote.RemoteTestNG.initAndRun(RemoteTestNG.java:251)at org.testng.remote.RemoteTestNG.main(RemoteTestNG.java:77)]]>
    </failure>
  </testcase> <!-- test1 -->
  <testcase name="test6" time="7.098" classname="com.test.automation.VerizonDigitalSignage.TestCases.DashboardTest1"/>
  <testcase name="test4" time="12.693" classname="com.test.automation.VerizonDigitalSignage.TestCases.DashboardTest1"/>
</testsuite> <!-- com.test.automation.VerizonDigitalSignage.TestCases.DashboardTest1 -->
