<?xml version="1.0" encoding="UTF-8"?>
<!-- Generated by org.testng.reporters.JUnitXMLReporter -->
<testsuite hostname="Neha3147582-01" ignored="10" name="SanityPack" tests="3" failures="0" timestamp="21 Apr 2018 20:19:51 GMT" time="368.736" errors="0">
  <testcase name="@BeforeClass setUp" time="94.043" classname="com.test.automation.VerizonDigitalSignage.TestCases.DashboardTestWithPermission">
    <failure type="org.openqa.selenium.WebDriverException" message="unknown error: keys should be a string
  (Session info: chrome=65.0.3325.181)
  (Driver info: chromedriver=2.36.540470 (e522d04694c7ebea4ba8821272dbef4f9b818c91),platform=Windows NT 10.0.16299 x86_64) (WARNING: The server did not provide any stacktrace information)
Command duration or timeout: 0 milliseconds
Build info: version: &amp;apos;3.11.0&amp;apos;, revision: &amp;apos;e59cfb3&amp;apos;, time: &amp;apos;2018-03-11T20:26:55.152Z&amp;apos;
System info: host: &amp;apos;NEHA3147582-01&amp;apos;, ip: &amp;apos;192.168.1.102&amp;apos;, os.name: &amp;apos;Windows 10&amp;apos;, os.arch: &amp;apos;amd64&amp;apos;, os.version: &amp;apos;10.0&amp;apos;, java.version: &amp;apos;1.8.0_131&amp;apos;
Driver info: org.openqa.selenium.chrome.ChromeDriver
Capabilities {acceptInsecureCerts: false, acceptSslCerts: false, applicationCacheEnabled: false, browserConnectionEnabled: false, browserName: chrome, chrome: {chromedriverVersion: 2.36.540470 (e522d04694c7eb..., userDataDir: C:\Users\NEHAGU~1\AppData\L...}, cssSelectorsEnabled: true, databaseEnabled: false, handlesAlerts: true, hasTouchScreen: false, javascriptEnabled: true, locationContextEnabled: true, mobileEmulationEnabled: false, nativeEvents: true, networkConnectionEnabled: false, pageLoadStrategy: normal, platform: XP, platformName: XP, rotatable: false, setWindowRect: true, takesHeapSnapshot: true, takesScreenshot: true, unexpectedAlertBehaviour: , unhandledPromptBehavior: , version: 65.0.3325.181, webStorageEnabled: true}
Session ID: 255417c521f7da170bbdc27b0111ee0f">
      <![CDATA[org.openqa.selenium.WebDriverException: unknown error: keys should be a string  (Session info: chrome=65.0.3325.181)  (Driver info: chromedriver=2.36.540470 (e522d04694c7ebea4ba8821272dbef4f9b818c91),platform=Windows NT 10.0.16299 x86_64) (WARNING: The server did not provide any stacktrace information)Command duration or timeout: 0 millisecondsBuild info: version: '3.11.0', revision: 'e59cfb3', time: '2018-03-11T20:26:55.152Z'System info: host: 'NEHA3147582-01', ip: '192.168.1.102', os.name: 'Windows 10', os.arch: 'amd64', os.version: '10.0', java.version: '1.8.0_131'Driver info: org.openqa.selenium.chrome.ChromeDriverCapabilities {acceptInsecureCerts: false, acceptSslCerts: false, applicationCacheEnabled: false, browserConnectionEnabled: false, browserName: chrome, chrome: {chromedriverVersion: 2.36.540470 (e522d04694c7eb..., userDataDir: C:\Users\NEHAGU~1\AppData\L...}, cssSelectorsEnabled: true, databaseEnabled: false, handlesAlerts: true, hasTouchScreen: false, javascriptEnabled: true, locationContextEnabled: true, mobileEmulationEnabled: false, nativeEvents: true, networkConnectionEnabled: false, pageLoadStrategy: normal, platform: XP, platformName: XP, rotatable: false, setWindowRect: true, takesHeapSnapshot: true, takesScreenshot: true, unexpectedAlertBehaviour: , unhandledPromptBehavior: , version: 65.0.3325.181, webStorageEnabled: true}Session ID: 255417c521f7da170bbdc27b0111ee0fat org.openqa.selenium.remote.ErrorHandler.createThrowable(ErrorHandler.java:214)at org.openqa.selenium.remote.ErrorHandler.throwIfResponseFailed(ErrorHandler.java:166)at org.openqa.selenium.remote.http.JsonHttpResponseCodec.reconstructValue(JsonHttpResponseCodec.java:40)at org.openqa.selenium.remote.http.AbstractHttpResponseCodec.decode(AbstractHttpResponseCodec.java:80)at org.openqa.selenium.remote.http.AbstractHttpResponseCodec.decode(AbstractHttpResponseCodec.java:44)at org.openqa.selenium.remote.HttpCommandExecutor.execute(HttpCommandExecutor.java:158)at org.openqa.selenium.remote.service.DriverCommandExecutor.execute(DriverCommandExecutor.java:83)at org.openqa.selenium.remote.RemoteWebDriver.execute(RemoteWebDriver.java:545)at org.openqa.selenium.remote.RemoteWebElement.execute(RemoteWebElement.java:279)at org.openqa.selenium.remote.RemoteWebElement.sendKeys(RemoteWebElement.java:100)at org.openqa.selenium.support.pagefactory.internal.LocatingElementHandler.invoke(LocatingElementHandler.java:51)at com.sun.proxy.$Proxy12.sendKeys(Unknown Source)at com.test.automation.VerizonDigitalSignage.UIActions.LoginObjects.loginToApplication(LoginObjects.java:44)at com.test.automation.VerizonDigitalSignage.TestCases.DashboardTestWithPermission.setUp(DashboardTestWithPermission.java:31)... Removed 34 stack frames]]>
    </failure>
  </testcase> <!-- @BeforeClass setUp -->
  <testcase name="test1" time="0.0" classname="com.test.automation.VerizonDigitalSignage.TestCases.DashboardTestWithPermission">
    <skipped/>
  </testcase> <!-- test1 -->
  <testcase name="test7" time="49.338" classname="com.test.automation.VerizonDigitalSignage.TestCases.DashboardTestWithoutPermission"/>
  <testcase name="loginWithValidCredentials" time="47.792" classname="com.test.automation.VerizonDigitalSignage.TestCases.LoginTest"/>
  <testcase name="test2" time="0.0" classname="com.test.automation.VerizonDigitalSignage.TestCases.DashboardTestWithPermission">
    <ignored/>
  </testcase> <!-- test2 -->
  <testcase name="test11" time="0.0" classname="com.test.automation.VerizonDigitalSignage.TestCases.DashboardTestWithoutPermission">
    <ignored/>
  </testcase> <!-- test11 -->
  <testcase name="test5" time="0.0" classname="com.test.automation.VerizonDigitalSignage.TestCases.DashboardTestWithPermission">
    <ignored/>
  </testcase> <!-- test5 -->
  <testcase name="test8" time="0.0" classname="com.test.automation.VerizonDigitalSignage.TestCases.DashboardTestWithoutPermission">
    <ignored/>
  </testcase> <!-- test8 -->
  <testcase name="test10" time="0.0" classname="com.test.automation.VerizonDigitalSignage.TestCases.DashboardTestWithoutPermission">
    <ignored/>
  </testcase> <!-- test10 -->
  <testcase name="test9" time="0.0" classname="com.test.automation.VerizonDigitalSignage.TestCases.DashboardTestWithoutPermission">
    <ignored/>
  </testcase> <!-- test9 -->
  <testcase name="test3" time="0.0" classname="com.test.automation.VerizonDigitalSignage.TestCases.DashboardTestWithPermission">
    <ignored/>
  </testcase> <!-- test3 -->
  <testcase name="verifyLoginWithInvalidCredentials" time="0.0" classname="com.test.automation.VerizonDigitalSignage.TestCases.LoginTest">
    <ignored/>
  </testcase> <!-- verifyLoginWithInvalidCredentials -->
  <testcase name="test6" time="0.0" classname="com.test.automation.VerizonDigitalSignage.TestCases.DashboardTestWithPermission">
    <ignored/>
  </testcase> <!-- test6 -->
  <testcase name="test4" time="0.0" classname="com.test.automation.VerizonDigitalSignage.TestCases.DashboardTestWithPermission">
    <ignored/>
  </testcase> <!-- test4 -->
</testsuite> <!-- SanityPack -->
